Arguments: 
  /Users/andrewbaldwin/.nvm/versions/node/v14.15.1/bin/node /usr/local/Cellar/yarn/1.22.10/libexec/bin/yarn.js start

PATH: 
  /Users/andrewbaldwin/.nvm/versions/node/v14.15.1/bin:/usr/local/bin:/usr/bin:/bin:/usr/sbin:/sbin:/usr/local/go/bin:/Library/Apple/usr/bin

Yarn version: 
  1.22.10

Node version: 
  14.15.1

Platform: 
  darwin x64

Trace: 
  SyntaxError: /Users/andrewbaldwin/Programming/Django/server_side_rendering/presentation/package.json: Unexpected string in JSON at position 289
      at JSON.parse (<anonymous>)
      at /usr/local/Cellar/yarn/1.22.10/libexec/lib/cli.js:1625:59
      at Generator.next (<anonymous>)
      at step (/usr/local/Cellar/yarn/1.22.10/libexec/lib/cli.js:310:30)
      at /usr/local/Cellar/yarn/1.22.10/libexec/lib/cli.js:321:13

npm manifest: 
  {
    "name": "node_server",
    "version": "1.0.0",
    "main": "index.js",
    "license": "MIT",
    "private": "true",
    "author": "Andrew Baldwin",
    "scripts": {
      "build": "babel server.js --out-file index-compiled.js",
      "start:server": "nodemon --exec babel-node ./server/server.js"
      "start:presentation": "webpack --config webpack.config.js --watch"
    },
    "dependencies": {
      "express": "^4.17.1",
      "morgan": "^1.10.0"
    },
    "devDependencies": {
      "@babel/cli": "^7.12.10",
      "@babel/core": "^7.12.10",
      "@babel/node": "^7.12.10",
      "@babel/preset-env": "^7.12.11",
      "@babel/preset-react": "^7.12.13",
      "nodemon": "^2.0.7",
      "react-redux": "^7.2.2",
      "redux": "^4.0.5"
    }
  }

yarn manifest: 
  No manifest

Lockfile: 
  No lockfile
